2023-09-15 09:45:22:4522 info: ⚡️[server]: Server is running at http://localhost:8080
2023-09-15 09:54:23:5423 info: ⚡️[server]: Server is running at http://localhost:8080
2023-09-15 09:54:34:5434 info: ⚡️[server]: Server is running at http://localhost:8080
2023-09-15 09:57:24:5724 info: ⚡️[server]: Server is running at http://localhost:8080
2023-09-15 09:57:34:5734 info: ⚡️[server]: Server is running at http://localhost:8080
2023-09-15 10:00:21:021 info: ⚡️[server]: Server is running at http://localhost:8080
2023-09-15 10:01:14:114 info: ⚡️[server]: Server is running at http://localhost:8080
2023-09-15 10:08:35:835 info: ⚡️[server]: Server is running at http://localhost:8080
2023-09-15 10:08:40:840 info: ⚡️[server]: Server is running at http://localhost:8080
2023-09-15 10:09:22:922 info: ⚡️[server]: Server is running at http://localhost:8080
2023-09-15 10:09:44:944 info: ⚡️[server]: Server is running at http://localhost:8080
2023-09-15 10:09:51:951 info: ⚡️[server]: Server is running at http://localhost:8080
2023-09-15 10:10:24:1024 info: ⚡️[server]: Server is running at http://localhost:8080
2023-09-15 10:11:58:1158 info: ⚡️[server]: Server is running at http://localhost:8080
2023-09-15 10:13:55:1355 info: ⚡️[server]: Server is running at http://localhost:8080
2023-09-15 10:14:28:1428 info: ⚡️[server]: Server is running at http://localhost:8080
2023-09-15 10:14:54:1454 info: ⚡️[server]: Server is running at http://localhost:8080
2023-09-15 10:15:10:1510 info: ⚡️[server]: Server is running at http://localhost:8080
2023-09-15 10:17:42:1742 info: ⚡️[server]: Server is running at http://localhost:8080
2023-09-15 10:17:56:1756 info: ⚡️[server]: Server is running at http://localhost:8080
2023-09-15 10:18:41:1841 info: ⚡️[server]: Server is running at http://localhost:8080
2023-09-15 10:19:34:1934 info: ⚡️[server]: Server is running at http://localhost:8080
2023-09-15 10:19:51:1951 info: ⚡️[server]: Server is running at http://localhost:8080
2023-09-15 10:20:44:2044 info: ⚡️[server]: Server is running at http://localhost:8080
2023-09-15 10:21:15:2115 info: ⚡️[server]: Server is running at http://localhost:8080
2023-09-15 10:21:38:2138 info: ⚡️[server]: Server is running at http://localhost:8080
2023-09-15 10:21:49:2149 info: ⚡️[server]: Server is running at http://localhost:8080
2023-09-15 10:21:56:2156 info: ⚡️[server]: Server is running at http://localhost:8080
2023-09-15 10:23:10:2310 info: ⚡️[server]: Server is running at http://localhost:8080
2023-09-15 10:23:27:2327 info: ⚡️[server]: Server is running at http://localhost:8080
2023-09-15 10:23:55:2355 info: ⚡️[server]: Server is running at http://localhost:8080
2023-09-15 10:24:52:2452 info: ⚡️[server]: Server is running at http://localhost:8080
2023-09-15 10:26:35:2635 info: ⚡️[server]: Server is running at http://localhost:8080
2023-09-15 10:27:18:2718 info: ⚡️[server]: Server is running at http://localhost:8080
2023-09-15 10:27:22:2722 info: ⚡️[server]: Server is running at http://localhost:8080
2023-09-15 10:27:50:2750 info: ⚡️[server]: Server is running at http://localhost:8080
2023-09-15 10:28:42:2842 info: ⚡️[server]: Server is running at http://localhost:8080
2023-09-15 10:30:49:3049 info: ⚡️[server]: Server is running at http://localhost:8080
2023-09-15 10:33:51:3351 info: ⚡️[server]: Server is running at http://localhost:8080
2023-09-15 10:34:14:3414 info: ⚡️[server]: Server is running at http://localhost:8080
2023-09-15 10:34:37:3437 info: ⚡️[server]: Server is running at http://localhost:8080
2023-09-15 10:34:40:3440 info: ⚡️[server]: Server is running at http://localhost:8080
2023-09-15 10:37:11:3711 info: ⚡️[server]: Server is running at http://localhost:8080
2023-09-15 10:39:08:398 info: ⚡️[server]: Server is running at http://localhost:8080
2023-09-15 10:39:56:3956 info: ⚡️[server]: Server is running at http://localhost:8080
2023-09-15 10:42:25:4225 info: ⚡️[server]: Server is running at http://localhost:8080
2023-09-15 10:42:55:4255 info: ⚡️[server]: Server is running at http://localhost:8080
2023-09-15 10:46:00:460 info: ⚡️[server]: Server is running at http://localhost:8080
2023-09-15 10:47:29:4729 info: ⚡️[server]: Server is running at http://localhost:8080
2023-09-15 10:50:43:5043 info: ⚡️[server]: Server is running at http://localhost:8080
2023-09-15 10:53:01:531 info: ⚡️[server]: Server is running at http://localhost:8080
2023-09-15 10:53:40:5340 info: ⚡️[server]: Server is running at http://localhost:8080
2023-09-15 10:54:14:5414 info: ⚡️[server]: Server is running at http://localhost:8080
2023-09-15 10:54:23:5423 info: ⚡️[server]: Server is running at http://localhost:8080
2023-09-15 10:54:36:5436 info: ⚡️[server]: Server is running at http://localhost:8080
2023-09-15 10:55:16:5516 info: ⚡️[server]: Server is running at http://localhost:8080
2023-09-15 10:55:39:5539 info: ⚡️[server]: Server is running at http://localhost:8080
2023-09-15 10:55:50:5550 info: ⚡️[server]: Server is running at http://localhost:8080
2023-09-15 10:56:24:5624 info: ⚡️[server]: Server is running at http://localhost:8080
2023-09-15 10:56:50:5650 info: ⚡️[server]: Server is running at http://localhost:8080
2023-09-15 10:56:55:5655 info: ⚡️[server]: Server is running at http://localhost:8080
2023-09-15 10:56:57:5657 info: ⚡️[server]: Server is running at http://localhost:8080
2023-09-15 10:57:14:5714 info: ⚡️[server]: Server is running at http://localhost:8080
2023-09-15 10:57:29:5729 info: ⚡️[server]: Server is running at http://localhost:8080
2023-09-15 10:57:54:5754 info: ⚡️[server]: Server is running at http://localhost:8080
2023-09-15 10:58:33:5833 info: ⚡️[server]: Server is running at http://localhost:8080
2023-09-15 10:58:45:5845 info: ⚡️[server]: Server is running at http://localhost:8080
2023-09-15 10:59:17:5917 info: ⚡️[server]: Server is running at http://localhost:8080
2023-09-15 11:01:36:136 info: ⚡️[server]: Server is running at http://localhost:8080
2023-09-15 11:05:29:529 info: ⚡️[server]: Server is running at http://localhost:8080
2023-09-15 11:05:33:533 info: ⚡️[server]: Server is running at http://localhost:8080
2023-09-15 11:06:18:618 info: ⚡️[server]: Server is running at http://localhost:8080
2023-09-15 11:06:28:628 info: ⚡️[server]: Server is running at http://localhost:8080
2023-09-15 11:06:41:641 info: ⚡️[server]: Server is running at http://localhost:8080
2023-09-15 11:06:51:651 info: ⚡️[server]: Server is running at http://localhost:8080
2023-09-15 11:07:05:75 info: ⚡️[server]: Server is running at http://localhost:8080
2023-09-15 11:07:14:714 info: ⚡️[server]: Server is running at http://localhost:8080
2023-09-15 11:07:42:742 info: ⚡️[server]: Server is running at http://localhost:8080
2023-09-15 11:07:53:753 info: ⚡️[server]: Server is running at http://localhost:8080
2023-09-15 11:08:17:817 info: ⚡️[server]: Server is running at http://localhost:8080
2023-09-15 11:09:46:946 info: ⚡️[server]: Server is running at http://localhost:8080
2023-09-15 11:49:50:4950 info: ⚡️[server]: Server is running at http://localhost:8080
2023-09-15 11:57:09:579 info: ⚡️[server]: Server is running at http://localhost:8080
2023-09-15 11:57:45:5745 info: ⚡️[server]: Server is running at http://localhost:8080
2023-09-15 11:57:53:5753 info: ⚡️[server]: Server is running at http://localhost:8080
2023-09-15 11:58:49:5849 info: ⚡️[server]: Server is running at http://localhost:8080
2023-09-15 12:00:02:02 info: ⚡️[server]: Server is running at http://localhost:8080
2023-09-15 12:00:08:08 info: ⚡️[server]: Server is running at http://localhost:8080
2023-09-15 12:00:56:056 info: ⚡️[server]: Server is running at http://localhost:8080
2023-09-15 12:00:59:059 info: ⚡️[server]: Server is running at http://localhost:8080
2023-09-15 12:03:33:333 info: ⚡️[server]: Server is running at http://localhost:8080
2023-09-15 12:05:02:52 info: ⚡️[server]: Server is running at http://localhost:8080
2023-09-15 12:06:07:67 info: ⚡️[server]: Server is running at http://localhost:8080
2023-09-15 12:07:42:742 info: ⚡️[server]: Server is running at http://localhost:8080
2023-09-15 12:08:37:837 info: ⚡️[server]: Server is running at http://localhost:8080
2023-09-15 12:09:09:99 info: ⚡️[server]: Server is running at http://localhost:8080
2023-09-15 12:09:28:928 info: ⚡️[server]: Server is running at http://localhost:8080
2023-09-15 12:10:22:1022 info: ⚡️[server]: Server is running at http://localhost:8080
2023-09-15 12:11:33:1133 info: ⚡️[server]: Server is running at http://localhost:8080
2023-09-15 12:11:39:1139 info: ⚡️[server]: Server is running at http://localhost:8080
2023-09-15 12:11:58:1158 info: ⚡️[server]: Server is running at http://localhost:8080
2023-09-15 12:12:12:1212 info: ⚡️[server]: Server is running at http://localhost:8080
2023-09-15 12:12:48:1248 info: ⚡️[server]: Server is running at http://localhost:8080
2023-09-15 12:12:57:1257 info: ⚡️[server]: Server is running at http://localhost:8080
2023-09-15 12:13:06:136 info: ⚡️[server]: Server is running at http://localhost:8080
2023-09-15 12:13:36:1336 info: ⚡️[server]: Server is running at http://localhost:8080
2023-09-15 12:14:04:144 info: ⚡️[server]: Server is running at http://localhost:8080
2023-09-15 12:14:16:1416 info: ⚡️[server]: Server is running at http://localhost:8080
2023-09-15 12:15:57:1557 info: ⚡️[server]: Server is running at http://localhost:8080
2023-09-15 12:17:40:1740 info: ⚡️[server]: Server is running at http://localhost:8080
2023-09-15 12:17:52:1752 http: ::1 GET / 404 139 - 2.307 ms

2023-09-15 12:18:03:183 http: ::1 GET /users 404 144 - 0.988 ms

2023-09-15 12:19:03:193 info: ⚡️[server]: Server is running at http://localhost:8080
2023-09-15 12:19:14:1914 http: ::1 GET /api/users 200 4 - 2.575 ms

2023-09-15 12:19:14:1914 http: ::1 GET /favicon.ico 404 150 - 1.465 ms

2023-09-15 12:19:29:1929 info: ⚡️[server]: Server is running at http://localhost:8080
2023-09-15 12:19:38:1938 http: ::1 GET /api/users - - - - ms

2023-09-15 12:22:07:227 info: ⚡️[server]: Server is running at http://localhost:8080
2023-09-15 12:22:10:2210 info: ⚡️[server]: Server is running at http://localhost:8080
2023-09-15 12:22:17:2217 http: ::1 GET /api/users 200 67 - 3.068 ms

2023-09-15 12:22:51:2251 info: ⚡️[server]: Server is running at http://localhost:8080
2023-09-15 12:22:53:2253 http: ::1 GET /api/users 500 1404 - 6.784 ms

2023-09-15 12:23:14:2314 info: ⚡️[server]: Server is running at http://localhost:8080
2023-09-15 12:23:17:2317 http: ::1 GET /api/users 500 1404 - 9.897 ms

2023-09-15 12:23:51:2351 info: ⚡️[server]: Server is running at http://localhost:8080
2023-09-15 12:23:54:2354 http: ::1 GET /api/users 500 1404 - 9.615 ms

2023-09-15 12:24:46:2446 info: ⚡️[server]: Server is running at http://localhost:8080
2023-09-15 12:24:52:2452 http: ::1 GET /api/users 200 90 - 7.647 ms

2023-09-15 12:43:25:4325 info: ⚡️[server]: Server is running at http://localhost:8080
2023-09-15 12:44:28:4428 info: ⚡️[server]: Server is running at http://localhost:8080
2023-09-15 12:44:38:4438 http: ::1 GET /api/users 200 90 - 4.094 ms

2023-09-15 12:45:01:451 info: ⚡️[server]: Server is running at http://localhost:8080
2023-09-15 12:45:03:453 http: ::1 GET /api/users 200 110 - 10.777 ms

2023-09-15 13:02:14:214 info: ⚡️[server]: Server is running at http://localhost:8080
2023-09-15 13:02:23:223 info: ⚡️[server]: Server is running at http://localhost:8080
2023-09-15 13:02:45:245 info: ⚡️[server]: Server is running at http://localhost:8080
2023-09-15 13:02:56:256 info: ⚡️[server]: Server is running at http://localhost:8080
2023-09-15 13:03:16:316 info: ⚡️[server]: Server is running at http://localhost:8080
2023-09-15 13:15:36:1536 info: ⚡️[server]: Server is running at http://localhost:8080
2023-09-15 13:15:42:1542 http: ::1 GET /api/users 304 - - 7.869 ms

2023-09-15 13:15:44:1544 http: ::1 GET /api/users 304 - - 3.643 ms

2023-09-15 13:19:28:1928 info: ⚡️[server]: Server is running at http://localhost:8080
2023-09-15 13:19:34:1934 http: ::1 GET /api/users 200 79 - 3.724 ms

2023-09-15 13:20:21:2021 info: ⚡️[server]: Server is running at http://localhost:8080
2023-09-15 13:20:38:2038 info: ⚡️[server]: Server is running at http://localhost:8080
2023-09-15 13:20:45:2045 info: ⚡️[server]: Server is running at http://localhost:8080
